[2105/06/12 19:54:05] [10827] Server socket create.
[2105/06/12 22:05:21] [12386] Server socket create.
[2105/06/13 01:08:04] [26945] Succ: Server socket create.
[2105/06/13 01:08:04] [26945] Succ: Set socket option.
[2105/06/13 01:12:07] [28351] Succ: Server socket create.
[2105/06/13 01:12:07] [28351] Succ: Set socket option.
[2105/06/13 01:13:24] [28809] Succ: Server socket create.
[2105/06/13 01:13:24] [28809] Succ: Set socket option.
[2105/06/13 01:14:58] [29432] Succ: Server socket create.
[2105/06/13 01:14:58] [29432] Succ: Set socket option.
[2105/06/13 01:16:03] [29883] Succ: Server socket create.
[2105/06/13 01:16:03] [29883] Succ: Set socket option.
[2105/06/13 01:16:04] [29883] =====Server End=====
[2105/06/13 01:21:07] [31451] =====Server Start=====
[2105/06/13 01:21:07] [31451] Succ: Server socket create.
[2105/06/13 01:21:07] [31451] Succ: Set socket option.
[2105/06/13 01:21:21] [31451] [Stdin]ex
[2105/06/13 01:21:23] [31451] [Stdin]exit
[2105/06/13 01:21:23] [31451] =====Server End=====
[2105/06/13 01:30:36] [1864] =====Server Start=====
[2105/06/13 01:30:37] [1864] Succ: Server socket create.
[2105/06/13 01:30:37] [1864] Succ: Set socket option.
[2105/06/13 01:30:38] [1864] [Stdin]exit
[2105/06/13 01:30:38] [1864] =====Server End=====
[2105/06/13 01:31:02] [2133] =====Server Start=====
[2105/06/13 01:31:03] [2133] Succ: Server socket create.
[2105/06/13 01:31:03] [2133] Succ: Set socket option.
[2105/06/13 01:31:03] [2133] [Stdin]exit
[2105/06/13 01:31:03] [2133] =====Server End=====
[2105/06/13 01:35:05] [3927] =====Server Start=====
[2105/06/13 01:35:05] [3927] Succ: Server socket create.
[2105/06/13 01:35:05] [3927] Succ: Set socket option.
[2105/06/13 01:35:06] [3927] [Stdin]exit
[2105/06/13 01:35:06] [3927] =====Server End=====
[2105/06/13 01:35:22] [4014] =====Server Start=====
[2105/06/13 01:35:22] [4014] Succ: Server socket create.
[2105/06/13 01:35:22] [4014] Succ: Set socket option.
[2105/06/13 01:52:47] [11225] =====Server Start=====
[2105/06/13 01:52:47] [11225] Succ: Server socket create.
[2105/06/13 01:52:47] [11225] Succ: Set socket option.
[2105/06/13 01:54:21] [11791] =====Server Start=====
[2105/06/13 01:54:21] [11791] Succ: Server socket create.
[2105/06/13 01:54:21] [11791] Succ: Set socket option.
[2105/06/13 01:54:31] [11791] [Stdin]exit
[2105/06/13 01:54:31] [11791] =====Server End=====
[2105/06/13 01:56:40] [12674] =====Server Start=====
[2105/06/13 01:56:40] [12674] Succ: Server socket create.
[2105/06/13 01:56:40] [12674] Succ: Set socket option.
[2105/06/13 01:56:49] [12674] [Stdin]exit
[2105/06/13 01:56:49] [12674] =====Server End=====
[2105/06/13 01:58:17] [13272] =====Server Start=====
[2105/06/13 01:58:17] [13272] Succ: Server socket create.
[2105/06/13 01:58:17] [13272] Succ: Set socket option.
[2105/06/13 01:58:20] [13272] [Stdin]xd
[2105/06/13 01:58:21] [13272] [Stdin]xd
[2105/06/13 01:58:22] [13272] [Stdin]xd
[2105/06/13 02:00:35] [13272] [Stdin]exit
[2105/06/13 02:00:35] [13272] =====Server End=====
[2105/06/13 02:00:59] [14356] =====Server Start=====
[2105/06/13 02:00:59] [14356] Succ: Server socket create.
[2105/06/13 02:00:59] [14356] Succ: Set socket option.
[2105/06/13 02:01:00] [14356] [Stdin]xd
[2105/06/13 02:01:02] [14356] [Stdin]exit
[2105/06/13 02:01:02] [14356] =====Server End=====
[2105/06/13 02:01:38] [14605] =====Server Start=====
[2105/06/13 02:01:38] [14605] Succ: Server socket create.
[2105/06/13 02:01:38] [14605] Succ: Set socket option.
[2105/06/13 02:01:41] [14605] [Stdin]xd
[2105/06/13 02:01:43] [14605] [Stdin]exit
[2105/06/13 02:01:44] [14605] =====Server End=====
[2105/06/13 02:02:42] [14933] =====Server Start=====
[2105/06/13 02:02:42] [14933] Succ: Server socket create.
[2105/06/13 02:02:42] [14933] Succ: Set socket option.
[2105/06/13 02:02:48] [14933] [Stdin]xd
[2105/06/13 02:02:48] [14933] [Stdin]xd
[2105/06/13 02:02:49] [14933] [Stdin]xd
[2105/06/13 02:03:38] [14933] [Stdin]exit
[2105/06/13 02:03:38] [14933] =====Server End=====
[2105/06/13 02:05:15] [15876] =====Server Start=====
[2105/06/13 02:05:15] [15876] Succ: Server socket create.
[2105/06/13 02:05:15] [15876] Succ: Set socket option.
[2105/06/13 02:05:32] [15876] [Stdin]dsf
[2105/06/13 02:05:33] [15876] [Stdin]df
[2105/06/13 02:06:42] [16347] =====Server Start=====
[2105/06/13 02:06:42] [16347] Succ: Server socket create.
[2105/06/13 02:06:42] [16347] Succ: Set socket option.
[2105/06/13 02:06:45] [16347] Connectedt_ip
[2105/06/13 02:07:00] [16507] =====Server Start=====
[2105/06/13 02:07:00] [16507] Succ: Server socket create.
[2105/06/13 02:07:00] [16507] Succ: Set socket option.
[2105/06/13 02:07:02] [16507] Connected127.0.0.1
[2105/06/13 02:07:11] [16507] [Stdin]exit
[2105/06/13 02:07:11] [16507] =====Server End=====
[2105/06/13 02:11:15] [17853] =====Server Start=====
[2105/06/13 02:11:15] [17853] Succ: Server socket create.
[2105/06/13 02:11:15] [17853] Succ: Set socket option.
[2105/06/13 02:11:22] [17853] Connected127.0.0.1
[2105/06/13 02:11:22] [17853] Closed 127.0.0.1
[2105/06/13 02:11:34] [17853] [Stdin]exit
[2105/06/13 02:11:34] [17853] =====Server End=====
[2105/06/13 02:12:14] [18190] =====Server Start=====
[2105/06/13 02:12:14] [18190] Succ: Server socket create.
[2105/06/13 02:12:14] [18190] Succ: Set socket option.
[2105/06/13 02:12:15] [18190] Connected127.0.0.1
[2105/06/13 02:12:15] [18190] Closed 127.0.0.1
[2105/06/13 02:12:18] [18190] Connected127.0.0.1
[2105/06/13 02:12:18] [18190] Closed 127.0.0.1
[2105/06/13 02:12:23] [18190] [Stdin]exit
[2105/06/13 02:12:23] [18190] =====Server End=====
[2105/06/13 02:19:09] [20073] =====Server Start=====
[2105/06/13 02:19:09] [20073] Succ: Server socket create.
[2105/06/13 02:19:09] [20073] Succ: Set socket option.
[2105/06/13 02:19:11] [20073] Connected140.113.178.132
[2105/06/13 02:19:11] [20073] Closed 140.113.178.132
[2105/06/13 02:30:43] [23296] =====Server Start=====
[2105/06/13 02:30:43] [23296] Succ: Server socket create.
[2105/06/13 02:30:43] [23296] Succ: Set socket option.
[2105/06/13 02:30:43] [23296] =====Server End=====
[2105/06/13 02:30:48] [20073] Connected140.113.178.132
[2105/06/13 02:32:32] [20073] Connected140.113.178.132
[2105/06/13 02:33:17] [20073] Connected140.113.178.132
[2105/06/13 02:33:34] [20073] Closed 140.113.178.132
[2105/06/13 02:33:35] [20073] Closed 140.113.178.132
[2105/06/13 02:33:38] [20073] Closed 140.113.178.132
[2105/06/13 02:36:25] [20073] [Stdin]exit
[2105/06/13 02:36:25] [20073] =====Server End=====
[2105/06/13 02:36:34] [25449] =====Server Start=====
[2105/06/13 02:36:34] [25449] Succ: Server socket create.
[2105/06/13 02:36:34] [25449] Succ: Set socket option.
[2105/06/13 02:36:37] [25449] Connected140.113.178.132
[2105/06/13 02:36:53] [25449] Connected140.113.178.132
[2105/06/13 02:36:57] [25449] Closed 140.113.178.132
[2105/06/13 02:37:00] [25449] Closed 140.113.178.132
[2105/06/13 02:37:30] [25449] [Stdin]exit
[2105/06/13 02:37:30] [25449] =====Server End=====
[2105/06/13 02:39:44] [26563] =====Server Start=====
[2105/06/13 02:39:44] [26563] Succ: Server socket create.
[2105/06/13 02:39:44] [26563] Succ: Set socket option.
[2105/06/13 02:40:06] [26563] [Stdin]exit
[2105/06/13 02:40:06] [26563] =====Server End=====
[2105/06/13 12:30:43] [15120] =====Server Start=====
[2105/06/13 12:30:43] [15120] Succ: Server socket create.
[2105/06/13 12:30:43] [15120] Succ: Set socket option.
[2105/06/13 12:31:43] [15120] Connected140.113.178.132
[2105/06/13 12:31:58] [15120] Closed 140.113.178.132
[2105/06/13 12:33:26] [15120] Connected140.113.178.132
[2105/06/13 12:33:27] [15120] Closed 140.113.178.132
[2105/06/13 12:34:05] [15120] [Stdin]exit
[2105/06/13 12:34:05] [15120] =====Server End=====
[2105/06/13 12:35:14] [16957] =====Server Start=====
[2105/06/13 12:35:15] [16957] Succ: Server socket create.
[2105/06/13 12:35:15] [16957] Succ: Set socket option.
[2105/06/13 12:36:04] [16957] Connected140.113.178.132
[2105/06/13 12:37:15] [17853] =====Server Start=====
[2105/06/13 12:37:15] [17853] Succ: Server socket create.
[2105/06/13 12:37:15] [17853] Succ: Set socket option.
[2105/06/13 12:37:23] [17853] Connected140.113.178.132
[2105/06/13 12:37:45] [17853] Connected140.113.178.132
[2105/06/13 12:51:08] [17853] Closed 140.113.178.132
[2105/06/13 12:51:12] [17853] Closed 140.113.178.132
[2105/06/13 12:51:16] [17853] [Stdin]exit
[2105/06/13 12:51:16] [17853] =====Server End=====
[2105/06/13 12:51:44] [22011] =====Server Start=====
[2105/06/13 12:51:44] [22011] Succ: Server socket create.
[2105/06/13 12:51:44] [22011] Succ: Set socket option.
[2105/06/13 12:51:45] [22011] [Stdin]exit
[2105/06/13 12:51:45] [22011] =====Server End=====
